{
  "stats": {
    "suites": 1,
    "tests": 4,
    "passes": 4,
    "pending": 0,
    "failures": 0,
    "start": "2022-04-06T11:00:12.764Z",
    "end": "2022-04-06T11:00:21.875Z",
    "duration": 9111,
    "testsRegistered": 4,
    "passPercent": 100,
    "pendingPercent": 0,
    "other": 0,
    "hasOther": false,
    "skipped": 0,
    "hasSkipped": false
  },
  "results": [
    {
      "uuid": "e108f912-207a-49d7-a148-d89a77b1f4f7",
      "title": "",
      "fullFile": "cypress/integration/login.feature",
      "file": "cypress/integration/login.feature",
      "beforeHooks": [],
      "afterHooks": [],
      "tests": [],
      "suites": [
        {
          "uuid": "794f9b94-9901-4ec3-89d2-dc5a1ff45b86",
          "title": "Login",
          "fullFile": "",
          "file": "",
          "beforeHooks": [],
          "afterHooks": [],
          "tests": [
            {
              "title": "Unsuccessful login with non-existed data",
              "fullTitle": "Login Unsuccessful login with non-existed data",
              "timedOut": null,
              "duration": 3807,
              "state": "passed",
              "speed": "fast",
              "pass": true,
              "fail": false,
              "pending": false,
              "context": null,
              "code": "const state = window.testState;\nreturn cy\n  .then(() => state.onStartScenario(scenario, indexedSteps))\n  .then(() =>\n    resolveAndRunBeforeHooks.call(this, scenario.tags, state.feature.name)\n  )\n  .then(() =>\n    indexedSteps.forEach((step) =>\n      stepTest.call(this, state, step, rowData)\n    )\n  )\n  .then(() => state.onFinishScenario(scenario));",
              "err": {},
              "uuid": "0539abe2-e1cf-4a6f-b34c-a378d75435a7",
              "parentUUID": "794f9b94-9901-4ec3-89d2-dc5a1ff45b86",
              "isHook": false,
              "skipped": false
            },
            {
              "title": "Unsuccessful login with invalid format data",
              "fullTitle": "Login Unsuccessful login with invalid format data",
              "timedOut": null,
              "duration": 1462,
              "state": "passed",
              "speed": "fast",
              "pass": true,
              "fail": false,
              "pending": false,
              "context": null,
              "code": "const state = window.testState;\nreturn cy\n  .then(() => state.onStartScenario(scenario, indexedSteps))\n  .then(() =>\n    resolveAndRunBeforeHooks.call(this, scenario.tags, state.feature.name)\n  )\n  .then(() =>\n    indexedSteps.forEach((step) =>\n      stepTest.call(this, state, step, rowData)\n    )\n  )\n  .then(() => state.onFinishScenario(scenario));",
              "err": {},
              "uuid": "7e728e1b-06d9-4866-8fff-a76c9ed97a21",
              "parentUUID": "794f9b94-9901-4ec3-89d2-dc5a1ff45b86",
              "isHook": false,
              "skipped": false
            },
            {
              "title": "Display Terms and Conditions",
              "fullTitle": "Login Display Terms and Conditions",
              "timedOut": null,
              "duration": 723,
              "state": "passed",
              "speed": "fast",
              "pass": true,
              "fail": false,
              "pending": false,
              "context": null,
              "code": "const state = window.testState;\nreturn cy\n  .then(() => state.onStartScenario(scenario, indexedSteps))\n  .then(() =>\n    resolveAndRunBeforeHooks.call(this, scenario.tags, state.feature.name)\n  )\n  .then(() =>\n    indexedSteps.forEach((step) =>\n      stepTest.call(this, state, step, rowData)\n    )\n  )\n  .then(() => state.onFinishScenario(scenario));",
              "err": {},
              "uuid": "ace6a81f-7e75-4e96-96a8-55b6ccab5b5c",
              "parentUUID": "794f9b94-9901-4ec3-89d2-dc5a1ff45b86",
              "isHook": false,
              "skipped": false
            },
            {
              "title": "E2E Unsuccessful login flow",
              "fullTitle": "Login E2E Unsuccessful login flow",
              "timedOut": null,
              "duration": 2994,
              "state": "passed",
              "speed": "fast",
              "pass": true,
              "fail": false,
              "pending": false,
              "context": null,
              "code": "const state = window.testState;\nreturn cy\n  .then(() => state.onStartScenario(scenario, indexedSteps))\n  .then(() =>\n    resolveAndRunBeforeHooks.call(this, scenario.tags, state.feature.name)\n  )\n  .then(() =>\n    indexedSteps.forEach((step) =>\n      stepTest.call(this, state, step, rowData)\n    )\n  )\n  .then(() => state.onFinishScenario(scenario));",
              "err": {},
              "uuid": "afa4c0ff-62bd-4d5c-ae1f-67aeda4659e6",
              "parentUUID": "794f9b94-9901-4ec3-89d2-dc5a1ff45b86",
              "isHook": false,
              "skipped": false
            }
          ],
          "suites": [],
          "passes": [
            "0539abe2-e1cf-4a6f-b34c-a378d75435a7",
            "7e728e1b-06d9-4866-8fff-a76c9ed97a21",
            "ace6a81f-7e75-4e96-96a8-55b6ccab5b5c",
            "afa4c0ff-62bd-4d5c-ae1f-67aeda4659e6"
          ],
          "failures": [],
          "pending": [],
          "skipped": [],
          "duration": 8986,
          "root": false,
          "rootEmpty": false,
          "_timeout": 2000
        }
      ],
      "passes": [],
      "failures": [],
      "pending": [],
      "skipped": [],
      "duration": 0,
      "root": true,
      "rootEmpty": true,
      "_timeout": 2000
    }
  ],
  "meta": {
    "mocha": {
      "version": "7.0.1"
    },
    "mochawesome": {
      "options": {
        "quiet": false,
        "reportFilename": "mochawesome",
        "saveHtml": false,
        "saveJson": true,
        "consoleReporter": "spec",
        "useInlineDiffs": false,
        "code": true
      },
      "version": "7.1.3"
    },
    "marge": {
      "options": {
        "id": "default",
        "reportDir": "cypress/results/mochawesome",
        "overwrite": false,
        "html": false,
        "json": true
      },
      "version": "6.2.0"
    }
  }
}