{
  "stats": {
    "suites": 1,
    "tests": 3,
    "passes": 3,
    "pending": 0,
    "failures": 0,
    "start": "2022-04-06T11:00:00.228Z",
    "end": "2022-04-06T11:00:07.318Z",
    "duration": 7090,
    "testsRegistered": 3,
    "passPercent": 100,
    "pendingPercent": 0,
    "other": 0,
    "hasOther": false,
    "skipped": 0,
    "hasSkipped": false
  },
  "results": [
    {
      "uuid": "ae297e4b-62c7-429f-b550-903b99b5dfa4",
      "title": "",
      "fullFile": "cypress/integration/forgotPassword.feature",
      "file": "cypress/integration/forgotPassword.feature",
      "beforeHooks": [],
      "afterHooks": [],
      "tests": [],
      "suites": [
        {
          "uuid": "b41f7ed8-d905-4b32-aacc-3e46ef9dac92",
          "title": "Forgot password",
          "fullFile": "",
          "file": "",
          "beforeHooks": [],
          "afterHooks": [],
          "tests": [
            {
              "title": "Forgot Password with invalid format email",
              "fullTitle": "Forgot password Forgot Password with invalid format email",
              "timedOut": null,
              "duration": 4277,
              "state": "passed",
              "speed": "fast",
              "pass": true,
              "fail": false,
              "pending": false,
              "context": null,
              "code": "const state = window.testState;\nreturn cy\n  .then(() => state.onStartScenario(scenario, indexedSteps))\n  .then(() =>\n    resolveAndRunBeforeHooks.call(this, scenario.tags, state.feature.name)\n  )\n  .then(() =>\n    indexedSteps.forEach((step) =>\n      stepTest.call(this, state, step, rowData)\n    )\n  )\n  .then(() => state.onFinishScenario(scenario));",
              "err": {},
              "uuid": "8d5f3b31-34f9-4a3a-936f-7da2f2482f39",
              "parentUUID": "b41f7ed8-d905-4b32-aacc-3e46ef9dac92",
              "isHook": false,
              "skipped": false
            },
            {
              "title": "Forgot Password with non-existed email",
              "fullTitle": "Forgot password Forgot Password with non-existed email",
              "timedOut": null,
              "duration": 1871,
              "state": "passed",
              "speed": "fast",
              "pass": true,
              "fail": false,
              "pending": false,
              "context": null,
              "code": "const state = window.testState;\nreturn cy\n  .then(() => state.onStartScenario(scenario, indexedSteps))\n  .then(() =>\n    resolveAndRunBeforeHooks.call(this, scenario.tags, state.feature.name)\n  )\n  .then(() =>\n    indexedSteps.forEach((step) =>\n      stepTest.call(this, state, step, rowData)\n    )\n  )\n  .then(() => state.onFinishScenario(scenario));",
              "err": {},
              "uuid": "758e6aa4-1bcc-4ec8-a7e5-3320ddf41cda",
              "parentUUID": "b41f7ed8-d905-4b32-aacc-3e46ef9dac92",
              "isHook": false,
              "skipped": false
            },
            {
              "title": "Display Terms and Conditions",
              "fullTitle": "Forgot password Display Terms and Conditions",
              "timedOut": null,
              "duration": 878,
              "state": "passed",
              "speed": "fast",
              "pass": true,
              "fail": false,
              "pending": false,
              "context": null,
              "code": "const state = window.testState;\nreturn cy\n  .then(() => state.onStartScenario(scenario, indexedSteps))\n  .then(() =>\n    resolveAndRunBeforeHooks.call(this, scenario.tags, state.feature.name)\n  )\n  .then(() =>\n    indexedSteps.forEach((step) =>\n      stepTest.call(this, state, step, rowData)\n    )\n  )\n  .then(() => state.onFinishScenario(scenario));",
              "err": {},
              "uuid": "5187750f-c41f-4ecc-872a-41f7f3bc3179",
              "parentUUID": "b41f7ed8-d905-4b32-aacc-3e46ef9dac92",
              "isHook": false,
              "skipped": false
            }
          ],
          "suites": [],
          "passes": [
            "8d5f3b31-34f9-4a3a-936f-7da2f2482f39",
            "758e6aa4-1bcc-4ec8-a7e5-3320ddf41cda",
            "5187750f-c41f-4ecc-872a-41f7f3bc3179"
          ],
          "failures": [],
          "pending": [],
          "skipped": [],
          "duration": 7026,
          "root": false,
          "rootEmpty": false,
          "_timeout": 2000
        }
      ],
      "passes": [],
      "failures": [],
      "pending": [],
      "skipped": [],
      "duration": 0,
      "root": true,
      "rootEmpty": true,
      "_timeout": 2000
    }
  ],
  "meta": {
    "mocha": {
      "version": "7.0.1"
    },
    "mochawesome": {
      "options": {
        "quiet": false,
        "reportFilename": "mochawesome",
        "saveHtml": false,
        "saveJson": true,
        "consoleReporter": "spec",
        "useInlineDiffs": false,
        "code": true
      },
      "version": "7.1.3"
    },
    "marge": {
      "options": {
        "id": "default",
        "reportDir": "cypress/results/mochawesome",
        "overwrite": false,
        "html": false,
        "json": true
      },
      "version": "6.2.0"
    }
  }
}