<?xml version="1.0"?>
<testsuites>
<testsuite name="Root Suite" timestamp="2022-04-06T11:00:12" tests="0" file="cypress/integration/login.feature" time="0.0000" failures="0"></testsuite>
<testsuite name="Login" timestamp="2022-04-06T11:00:12" tests="4" time="9.0800" failures="0">
  
  <testcase name="Login Unsuccessful login with non-existed data" time="3.8070" classname="Unsuccessful login with non-existed data"></testcase>
  
  <testcase name="Login Unsuccessful login with invalid format data" time="1.4620" classname="Unsuccessful login with invalid format data"></testcase>
  
  <testcase name="Login Display Terms and Conditions" time="0.7230" classname="Display Terms and Conditions"></testcase>
  
  <testcase name="Login E2E Unsuccessful login flow" time="2.9940" classname="E2E Unsuccessful login flow"></testcase>
  
</testsuite>

<testsuite name="Root Suite" timestamp="2022-04-06T11:00:00" tests="0" file="cypress/integration/forgotPassword.feature" time="0.0000" failures="0"></testsuite>
<testsuite name="Forgot password" timestamp="2022-04-06T11:00:00" tests="3" time="7.0700" failures="0">
  
  <testcase name="Forgot password Forgot Password with invalid format email" time="4.2770" classname="Forgot Password with invalid format email"></testcase>
  
  <testcase name="Forgot password Forgot Password with non-existed email" time="1.8710" classname="Forgot Password with non-existed email"></testcase>
  
  <testcase name="Forgot password Display Terms and Conditions" time="0.8780" classname="Display Terms and Conditions"></testcase>
  
</testsuite>

</testsuites>